<?xml version="1.0" encoding="UTF-8"?>
<testsuites name="TestSuite1" time="71" tests="1" failures="1" errors="0">
   <testsuite name="TestSuite1" tests="1" failures="1" errors="0" time="71" timestamp="2018-07-24 13:02:55" hostname="neha.mehla - WSLK1FFTRFW-06" id="Test Suites/TestSuite1">
      <properties>
         <property name="deviceName" value=""/>
         <property name="devicePlatform" value=""/>
         <property name="logFolder" value="C:\\Users\\neha.mehla\\Katalon Studio\\Sample project\\Reports\\TestSuite1\\20180724_130254"/>
         <property name="logFiles" value="C:\\Users\\neha.mehla\\Katalon Studio\\Sample project\\Reports\\TestSuite1\\20180724_130254\\execution0.log"/>
         <property name="attachments" value="C:\\Users\\neha.mehla\\Katalon Studio\\Sample project\\Reports\\TestSuite1\\20180724_130254\\1532417611786.png, C:\\Users\\neha.mehla\\Katalon Studio\\Sample project\\Reports\\TestSuite1\\20180724_130254\\1532417612899.png"/>
         <property name="hostName" value="neha.mehla - WSLK1FFTRFW-06"/>
         <property name="os" value="Windows 7 64bit"/>
         <property name="katalonVersion" value="5.5.0.1"/>
         <property name="browser" value="Firefox 51.0"/>
         <property name="hostAddress" value="10.10.10.15"/>
         <property name="sessionId" value="4b5d4e06-b316-47f5-887f-f15bafb6c697"/>
         <property name="seleniumVersion" value="3.7.1"/>
         <property name="proxyInformation" value="ProxyInformation{proxyOption=NO_PROXY, proxyServerType=HTTP, password=, proxyServerAddress=, proxyServerPort=0}"/>
         <property name="platform" value="Windows 7"/>
      </properties>
      <testcase name="Test Cases/Login/Testcase1" classname="Test Cases/Login/Testcase1" status="FAILED">
         <failure type="FAILED" message="Unable to accept alert (Root cause: No alert found)"/>
         <system-out><![CDATA[2018-07-24 13:02:56 - [TEST_CASE][FAILED] - Test Cases/Login/Testcase1: Test Cases/Login/Testcase1 FAILED because (of) Unable to accept alert (Root cause: No alert found)

2018-07-24 13:02:56 - [TEST_STEP][PASSED] - openBrowser: Browser is opened with url: ''

2018-07-24 13:03:26 - [MESSAGE][PASSED] - Browser is opened with url: ''

2018-07-24 13:03:26 - [TEST_STEP][PASSED] - navigateToUrl: Navigate to 'http://demoaut.katalon.com/' successfully

2018-07-24 13:03:27 - [MESSAGE][PASSED] - Navigate to 'http://demoaut.katalon.com/' successfully

2018-07-24 13:03:27 - [TEST_STEP][PASSED] - click: Object: 'Object Repository/LoginObjects/Page_CURA Healthcare Service/a_Make Appointment' is clicked on

2018-07-24 13:03:28 - [MESSAGE][PASSED] - Object: 'Object Repository/LoginObjects/Page_CURA Healthcare Service/a_Make Appointment' is clicked on

2018-07-24 13:03:28 - [TEST_STEP][PASSED] - setText: Text 'John Doe' is set on object 'Object Repository/LoginObjects/Page_CURA Healthcare Service/input_username'

2018-07-24 13:03:28 - [MESSAGE][PASSED] - Text 'John Doe' is set on object 'Object Repository/LoginObjects/Page_CURA Healthcare Service/input_username'

2018-07-24 13:03:28 - [TEST_STEP][PASSED] - setEncryptedText: Text ****** has been set on object 'Object Repository/LoginObjects/Page_CURA Healthcare Service/input_password'

2018-07-24 13:03:28 - [MESSAGE][PASSED] - Text ****** has been set on object 'Object Repository/LoginObjects/Page_CURA Healthcare Service/input_password'

2018-07-24 13:03:28 - [TEST_STEP][PASSED] - click: Object: 'Object Repository/LoginObjects/Page_CURA Healthcare Service/button_Login' is clicked on

2018-07-24 13:03:29 - [MESSAGE][PASSED] - Object: 'Object Repository/LoginObjects/Page_CURA Healthcare Service/button_Login' is clicked on

2018-07-24 13:03:29 - [TEST_STEP][FAILED] - acceptAlert: Unable to accept alert (Root cause: No alert found)

2018-07-24 13:03:32 - [MESSAGE][FAILED] - No alert found
[[ATTACHMENT|C:\\Users\\neha.mehla\\Katalon Studio\\Sample project\\Reports\\TestSuite1\\20180724_130254\\1532417611786.png]]

2018-07-24 13:03:33 - [MESSAGE][FAILED] - Unable to accept alert (Root cause: No alert found)
[[ATTACHMENT|C:\\Users\\neha.mehla\\Katalon Studio\\Sample project\\Reports\\TestSuite1\\20180724_130254\\1532417612899.png]]]]></system-out>
         <system-err><![CDATA[2018-07-24 13:02:56 - [TEST_CASE][FAILED] - Test Cases/Login/Testcase1: Test Cases/Login/Testcase1 FAILED because (of) Unable to accept alert (Root cause: No alert found)]]></system-err>
      </testcase>
      <testcase name="Test Cases/Login/testcase2" classname="Test Cases/Login/testcase2" status="PASSED">
         <system-out><![CDATA[2018-07-24 13:03:33 - [TEST_CASE][PASSED] - Test Cases/Login/testcase2: Test Cases/Login/testcase2

2018-07-24 13:03:34 - [TEST_STEP][PASSED] - openBrowser: Browser is opened with url: ''

2018-07-24 13:03:34 - [MESSAGE][WARNING] - A browser is already opened. Closing browser and opening a new one

2018-07-24 13:04:03 - [MESSAGE][PASSED] - Browser is opened with url: ''

2018-07-24 13:04:03 - [TEST_STEP][PASSED] - navigateToUrl: Navigate to 'http://demoaut.katalon.com/' successfully

2018-07-24 13:04:04 - [MESSAGE][PASSED] - Navigate to 'http://demoaut.katalon.com/' successfully

2018-07-24 13:04:04 - [TEST_STEP][PASSED] - click: Object: 'Object Repository/test2/Page_CURA Healthcare Service/Page_CURA Healthcare Service/a_Make Appointment' is clicked on

2018-07-24 13:04:04 - [MESSAGE][PASSED] - Object: 'Object Repository/test2/Page_CURA Healthcare Service/Page_CURA Healthcare Service/a_Make Appointment' is clicked on

2018-07-24 13:04:04 - [TEST_STEP][PASSED] - setText: Text 'John Doe' is set on object 'Object Repository/test2/Page_CURA Healthcare Service/Page_CURA Healthcare Service/input_username'

2018-07-24 13:04:05 - [MESSAGE][PASSED] - Text 'John Doe' is set on object 'Object Repository/test2/Page_CURA Healthcare Service/Page_CURA Healthcare Service/input_username'

2018-07-24 13:04:05 - [TEST_STEP][PASSED] - setText: Text 'ThisIsNotAPassword' is set on object 'Object Repository/test2/Page_CURA Healthcare Service/Page_CURA Healthcare Service/input_password'

2018-07-24 13:04:05 - [MESSAGE][PASSED] - Text 'ThisIsNotAPassword' is set on object 'Object Repository/test2/Page_CURA Healthcare Service/Page_CURA Healthcare Service/input_password'

2018-07-24 13:04:05 - [TEST_STEP][PASSED] - click: Object: 'Object Repository/test2/Page_CURA Healthcare Service/Page_CURA Healthcare Service/button_Login' is clicked on

2018-07-24 13:04:06 - [MESSAGE][PASSED] - Object: 'Object Repository/test2/Page_CURA Healthcare Service/Page_CURA Healthcare Service/button_Login' is clicked on

2018-07-24 13:04:06 - [TEST_STEP][PASSED] - navigateToUrl: Navigate to 'http://demoaut.katalon.com/""' successfully

2018-07-24 13:04:06 - [MESSAGE][PASSED] - Navigate to 'http://demoaut.katalon.com/""' successfully]]></system-out>
         <system-err><![CDATA[]]></system-err>
      </testcase>
      <system-out><![CDATA[2018-07-24 13:02:55 - [TEST_SUITE][FAILED] - TestSuite1: Test Cases/Login/Testcase1 FAILED because (of) Unable to accept alert (Root cause: No alert found)]]></system-out>
      <system-err><![CDATA[2018-07-24 13:02:55 - [TEST_SUITE][FAILED] - TestSuite1: Test Cases/Login/Testcase1 FAILED because (of) Unable to accept alert (Root cause: No alert found)]]></system-err>
   </testsuite>
</testsuites>
