<?xml version="1.0" encoding="UTF-8"?>
<testsuites name="TestSuite1" time="74" tests="1" failures="1" errors="0">
   <testsuite name="TestSuite1" tests="1" failures="1" errors="0" time="74" timestamp="2018-07-24 17:45:02" hostname="neha.mehla - WSLK1FFTRFW-06" id="Test Suites/TestSuite1">
      <properties>
         <property name="deviceName" value=""/>
         <property name="devicePlatform" value=""/>
         <property name="logFolder" value="C:\\Users\\neha.mehla\\Katalon Studio\\Sample project\\Reports\\TestSuite1\\20180724_174400"/>
         <property name="logFiles" value="C:\\Users\\neha.mehla\\Katalon Studio\\Sample project\\Reports\\TestSuite1\\20180724_174400\\execution0.log"/>
         <property name="attachments" value="C:\\Users\\neha.mehla\\Katalon Studio\\Sample project\\Reports\\TestSuite1\\20180724_174400\\1532434538880.png, C:\\Users\\neha.mehla\\Katalon Studio\\Sample project\\Reports\\TestSuite1\\20180724_174400\\1532434540156.png"/>
         <property name="hostName" value="neha.mehla - WSLK1FFTRFW-06"/>
         <property name="os" value="Windows 7 64bit"/>
         <property name="katalonVersion" value="5.5.0.1"/>
         <property name="browser" value="Firefox 51.0"/>
         <property name="hostAddress" value="10.10.10.15"/>
         <property name="sessionId" value="79aee676-25ca-4c7c-afcc-b1c7de60d45d"/>
         <property name="seleniumVersion" value="3.7.1"/>
         <property name="proxyInformation" value="ProxyInformation{proxyOption=NO_PROXY, proxyServerType=HTTP, password=, proxyServerAddress=, proxyServerPort=0}"/>
         <property name="platform" value="Windows 7"/>
      </properties>
      <testcase name="Test Cases/Login/Testcase1" classname="Test Cases/Login/Testcase1" status="FAILED">
         <failure type="FAILED" message="Unable to accept alert (Root cause: No alert found)"/>
         <system-out><![CDATA[2018-07-24 17:45:03 - [TEST_CASE][FAILED] - Test Cases/Login/Testcase1: Test Cases/Login/Testcase1 FAILED because (of) Unable to accept alert (Root cause: No alert found)

2018-07-24 17:45:03 - [TEST_STEP][PASSED] - openBrowser: Browser is opened with url: ''

2018-07-24 17:45:33 - [MESSAGE][PASSED] - Browser is opened with url: ''

2018-07-24 17:45:33 - [TEST_STEP][PASSED] - navigateToUrl: Navigate to 'http://demoaut.katalon.com/' successfully

2018-07-24 17:45:34 - [MESSAGE][PASSED] - Navigate to 'http://demoaut.katalon.com/' successfully

2018-07-24 17:45:34 - [TEST_STEP][PASSED] - click: Object: 'Object Repository/LoginObjects/Page_CURA Healthcare Service/a_Make Appointment' is clicked on

2018-07-24 17:45:35 - [MESSAGE][PASSED] - Object: 'Object Repository/LoginObjects/Page_CURA Healthcare Service/a_Make Appointment' is clicked on

2018-07-24 17:45:35 - [TEST_STEP][PASSED] - setText: Text 'John Doe' is set on object 'Object Repository/LoginObjects/Page_CURA Healthcare Service/input_username'

2018-07-24 17:45:35 - [MESSAGE][PASSED] - Text 'John Doe' is set on object 'Object Repository/LoginObjects/Page_CURA Healthcare Service/input_username'

2018-07-24 17:45:35 - [TEST_STEP][PASSED] - setEncryptedText: Text ****** has been set on object 'Object Repository/LoginObjects/Page_CURA Healthcare Service/input_password'

2018-07-24 17:45:35 - [MESSAGE][PASSED] - Text ****** has been set on object 'Object Repository/LoginObjects/Page_CURA Healthcare Service/input_password'

2018-07-24 17:45:35 - [TEST_STEP][PASSED] - click: Object: 'Object Repository/LoginObjects/Page_CURA Healthcare Service/button_Login' is clicked on

2018-07-24 17:45:36 - [MESSAGE][PASSED] - Object: 'Object Repository/LoginObjects/Page_CURA Healthcare Service/button_Login' is clicked on

2018-07-24 17:45:36 - [TEST_STEP][FAILED] - acceptAlert: Unable to accept alert (Root cause: No alert found)

2018-07-24 17:45:40 - [MESSAGE][FAILED] - No alert found
[[ATTACHMENT|C:\\Users\\neha.mehla\\Katalon Studio\\Sample project\\Reports\\TestSuite1\\20180724_174400\\1532434538880.png]]

2018-07-24 17:45:41 - [MESSAGE][FAILED] - Unable to accept alert (Root cause: No alert found)
[[ATTACHMENT|C:\\Users\\neha.mehla\\Katalon Studio\\Sample project\\Reports\\TestSuite1\\20180724_174400\\1532434540156.png]]]]></system-out>
         <system-err><![CDATA[2018-07-24 17:45:03 - [TEST_CASE][FAILED] - Test Cases/Login/Testcase1: Test Cases/Login/Testcase1 FAILED because (of) Unable to accept alert (Root cause: No alert found)]]></system-err>
      </testcase>
      <testcase name="Test Cases/Login/testcase2" classname="Test Cases/Login/testcase2" status="PASSED">
         <system-out><![CDATA[2018-07-24 17:45:43 - [TEST_CASE][PASSED] - Test Cases/Login/testcase2: Test Cases/Login/testcase2

2018-07-24 17:45:43 - [TEST_STEP][PASSED] - openBrowser: Browser is opened with url: ''

2018-07-24 17:45:43 - [MESSAGE][WARNING] - A browser is already opened. Closing browser and opening a new one

2018-07-24 17:46:11 - [MESSAGE][PASSED] - Browser is opened with url: ''

2018-07-24 17:46:11 - [TEST_STEP][PASSED] - navigateToUrl: Navigate to 'http://demoaut.katalon.com/' successfully

2018-07-24 17:46:12 - [MESSAGE][PASSED] - Navigate to 'http://demoaut.katalon.com/' successfully

2018-07-24 17:46:12 - [TEST_STEP][PASSED] - click: Object: 'Object Repository/test2/Page_CURA Healthcare Service/Page_CURA Healthcare Service/a_Make Appointment' is clicked on

2018-07-24 17:46:13 - [MESSAGE][PASSED] - Object: 'Object Repository/test2/Page_CURA Healthcare Service/Page_CURA Healthcare Service/a_Make Appointment' is clicked on

2018-07-24 17:46:13 - [TEST_STEP][PASSED] - setText: Text 'John Doe' is set on object 'Object Repository/test2/Page_CURA Healthcare Service/Page_CURA Healthcare Service/input_username'

2018-07-24 17:46:13 - [MESSAGE][PASSED] - Text 'John Doe' is set on object 'Object Repository/test2/Page_CURA Healthcare Service/Page_CURA Healthcare Service/input_username'

2018-07-24 17:46:13 - [TEST_STEP][PASSED] - setText: Text 'ThisIsNotAPassword' is set on object 'Object Repository/test2/Page_CURA Healthcare Service/Page_CURA Healthcare Service/input_password'

2018-07-24 17:46:13 - [MESSAGE][PASSED] - Text 'ThisIsNotAPassword' is set on object 'Object Repository/test2/Page_CURA Healthcare Service/Page_CURA Healthcare Service/input_password'

2018-07-24 17:46:13 - [TEST_STEP][PASSED] - click: Object: 'Object Repository/test2/Page_CURA Healthcare Service/Page_CURA Healthcare Service/button_Login' is clicked on

2018-07-24 17:46:14 - [MESSAGE][PASSED] - Object: 'Object Repository/test2/Page_CURA Healthcare Service/Page_CURA Healthcare Service/button_Login' is clicked on

2018-07-24 17:46:14 - [TEST_STEP][PASSED] - navigateToUrl: Navigate to 'http://demoaut.katalon.com/""' successfully

2018-07-24 17:46:14 - [MESSAGE][PASSED] - Navigate to 'http://demoaut.katalon.com/""' successfully]]></system-out>
         <system-err><![CDATA[]]></system-err>
      </testcase>
      <system-out><![CDATA[2018-07-24 17:45:02 - [TEST_SUITE][FAILED] - TestSuite1: Test Cases/Login/Testcase1 FAILED because (of) Unable to accept alert (Root cause: No alert found)]]></system-out>
      <system-err><![CDATA[2018-07-24 17:45:02 - [TEST_SUITE][FAILED] - TestSuite1: Test Cases/Login/Testcase1 FAILED because (of) Unable to accept alert (Root cause: No alert found)]]></system-err>
   </testsuite>
</testsuites>
